#
# There is insufficient memory for the Java Runtime Environment to continue.
# Native memory allocation (mmap) failed to map 264241152 bytes for G1 virtual space
# Possible reasons:
#   The system is out of physical RAM or swap space
#   The process is running with CompressedOops enabled, and the Java Heap may be blocking the growth of the native heap
# Possible solutions:
#   Reduce memory load on the system
#   Increase physical memory or swap space
#   Check if swap backing store is full
#   Decrease Java heap size (-Xmx/-Xms)
#   Decrease number of Java threads
#   Decrease Java thread stack sizes (-Xss)
#   Set larger code cache with -XX:ReservedCodeCacheSize=
#   JVM is running with Zero Based Compressed Oops mode in which the Java heap is
#     placed in the first 32GB address space. The Java Heap base address is the
#     maximum limit for the native heap growth. Please use -XX:HeapBaseMinAddress
#     to set the Java Heap base and to place the Java Heap above 32GB virtual address.
# This output file may be truncated or incomplete.
#
#  Out of Memory Error (os_windows.cpp:3600), pid=29828, tid=18136
#
# JRE version:  (21.0.1+12) (build )
# Java VM: Java HotSpot(TM) 64-Bit Server VM (21.0.1+12-LTS-29, mixed mode, sharing, tiered, compressed oops, compressed class ptrs, g1 gc, windows-amd64)
# No core dump will be written. Minidumps are not enabled by default on client versions of Windows
#

---------------  S U M M A R Y ------------

Command Line: -Dfile.encoding=UTF-8 -Dstdout.encoding=UTF-8 -Dstderr.encoding=UTF-8 --module-path=C:\Users\aj777\Downloads\mysql-connector-j-9.6.0\mysql-connector-j-9.6.0\mysql-connector-j-9.6.0.jar -XX:+ShowCodeDetailsInExceptionMessages JDBC

Host: Intel(R) Core(TM) i7-10750H CPU @ 2.60GHz, 12 cores, 15G,  Windows 11 , 64 bit Build 22621 (10.0.22621.4391)
Time: Sun Jan 25 15:59:37 2026 Eastern Standard Time elapsed time: 0.009460 seconds (0d 0h 0m 0s)

---------------  T H R E A D  ---------------

Current thread (0x000001e30b27f050):  JavaThread "Unknown thread" [_thread_in_vm, id=18136, stack(0x0000008ceab00000,0x0000008ceac00000) (1024K)]

Stack: [0x0000008ceab00000,0x0000008ceac00000]
Native frames: (J=compiled Java code, j=interpreted, Vv=VM code, C=native code)
V  [jvm.dll+0x6c9029]
V  [jvm.dll+0x854b81]
V  [jvm.dll+0x856e5e]
V  [jvm.dll+0x857543]
V  [jvm.dll+0x280c06]
V  [jvm.dll+0x6c5715]
V  [jvm.dll+0x6ba10a]
V  [jvm.dll+0x3557ea]
V  [jvm.dll+0x35d436]
V  [jvm.dll+0x3ae1be]
V  [jvm.dll+0x3ae468]
V  [jvm.dll+0x3291fc]
V  [jvm.dll+0x329d8b]
V  [jvm.dll+0x81d179]
V  [jvm.dll+0x3bb4f1]
V  [jvm.dll+0x805ae8]
V  [jvm.dll+0x44effe]
V  [jvm.dll+0x450901]
C  [jli.dll+0x52a3]
C  [ucrtbase.dll+0x29333]
C  [KERNEL32.DLL+0x1259d]
C  [ntdll.dll+0x5af38]


---------------  P R O C E S S  ---------------

Threads class SMR info:
_java_thread_list=0x00007ffa45009b88, length=0, elements={
}

Java Threads: ( => current thread )
Total: 0

Other Threads:
  0x000001e30d4f2940 WorkerThread "GC Thread#0"                     [id=5980, stack(0x0000008ceac00000,0x0000008cead00000) (1024K)]
  0x000001e30d503cd0 ConcurrentGCThread "G1 Main Marker"            [id=21236, stack(0x0000008cead00000,0x0000008ceae00000) (1024K)]
  0x000001e30d5046e0 WorkerThread "G1 Conc#0"                       [id=19092, stack(0x0000008ceae00000,0x0000008ceaf00000) (1024K)]

[error occurred during error reporting (printing all threads), id 0xc0000005, EXCEPTION_ACCESS_VIOLATION (0xc0000005) at pc=0x00007ffa4477c2c7]
VM state: not at safepoint (not fully initialized)

VM Mutex/Monitor currently owned by a thread:  ([mutex/lock_event])
[0x00007ffa4507a6f8] Heap_lock - owner thread: 0x000001e30b27f050

Heap address: 0x0000000704a00000, size: 4022 MB, Compressed Oops mode: Zero based, Oop shift amount: 3

CDS archive(s) mapped at: [0x0000000000000000-0x0000000000000000-0x0000000000000000), size 0, SharedBaseAddress: 0x0000000800000000, ArchiveRelocationMode: 1.
Narrow klass base: 0x0000000000000000, Narrow klass shift: 0, Narrow klass range: 0x0

GC Precious Log:
 CardTable entry size: 512
 Card Set container configuration: InlinePtr #cards 4 size 8 Array Of Cards #cards 16 size 48 Howl #buckets 8 coarsen threshold 3686 Howl Bitmap #cards 512 size 80 coarsen threshold 460 Card regions per heap region 1 cards per card region 4096

Heap:
 garbage-first heap   total 0K, used 0K [0x0000000704a00000, 0x0000000800000000)
  region size 2048K, 0 young (0K), 0 survivors (0K)

[error occurred during error reporting (printing heap information), id 0xc0000005, EXCEPTION_ACCESS_VIOLATION (0xc0000005) at pc=0x00007ffa44b61be9]
GC Heap History (0 events):
No events

Dll operation events (1 events):
Event: 0.005 Loaded shared library C:\Program Files\Java\jdk-21\bin\java.dll

Deoptimization events (0 events):
No events

Classes loaded (0 events):
No events

Classes unloaded (0 events):
No events

Classes redefined (0 events):
No events

Internal exceptions (0 events):
No events

ZGC Phase Switch (0 events):
No events

VM Operations (0 events):
No events

Events (0 events):
No events


Dynamic libraries:
0x00007ff6633a0000 - 0x00007ff6633b0000 	C:\Program Files\Java\jdk-21\bin\javaw.exe
0x00007ffad4a50000 - 0x00007ffad4c67000 	C:\WINDOWS\SYSTEM32\ntdll.dll
0x00007ffad32a0000 - 0x00007ffad3364000 	C:\WINDOWS\System32\KERNEL32.DLL
0x00007ffad1f50000 - 0x00007ffad230a000 	C:\WINDOWS\System32\KERNELBASE.dll
0x00007ffad23f0000 - 0x00007ffad2501000 	C:\WINDOWS\System32\ucrtbase.dll
0x00007ffab4100000 - 0x00007ffab4119000 	C:\Program Files\Java\jdk-21\bin\jli.dll
0x00007ffad3400000 - 0x00007ffad34b2000 	C:\WINDOWS\System32\ADVAPI32.dll
0x00007ffad3670000 - 0x00007ffad3717000 	C:\WINDOWS\System32\msvcrt.dll
0x00007ffab31e0000 - 0x00007ffab31fb000 	C:\Program Files\Java\jdk-21\bin\VCRUNTIME140.dll
0x00007ffad3160000 - 0x00007ffad3207000 	C:\WINDOWS\System32\sechost.dll
0x00007ffad2340000 - 0x00007ffad2368000 	C:\WINDOWS\System32\bcrypt.dll
0x00007ffad4800000 - 0x00007ffad4914000 	C:\WINDOWS\System32\RPCRT4.dll
0x00007ffad3720000 - 0x00007ffad38ce000 	C:\WINDOWS\System32\USER32.dll
0x00007ffad2310000 - 0x00007ffad2336000 	C:\WINDOWS\System32\win32u.dll
0x00007ffad2750000 - 0x00007ffad2779000 	C:\WINDOWS\System32\GDI32.dll
0x00007ffab2db0000 - 0x00007ffab3042000 	C:\WINDOWS\WinSxS\amd64_microsoft.windows.common-controls_6595b64144ccf1df_6.0.22621.4541_none_2710d1c57384c085\COMCTL32.dll
0x00007ffad2510000 - 0x00007ffad262b000 	C:\WINDOWS\System32\gdi32full.dll
0x00007ffad26b0000 - 0x00007ffad274a000 	C:\WINDOWS\System32\msvcp_win.dll
0x00007ffac85e0000 - 0x00007ffac85ea000 	C:\WINDOWS\SYSTEM32\VERSION.dll
0x00007ffad49d0000 - 0x00007ffad4a01000 	C:\WINDOWS\System32\IMM32.DLL
0x00007ffac1160000 - 0x00007ffac116c000 	C:\Program Files\Java\jdk-21\bin\vcruntime140_1.dll
0x00007ffaa7690000 - 0x00007ffaa771e000 	C:\Program Files\Java\jdk-21\bin\msvcp140.dll
0x00007ffa44440000 - 0x00007ffa45155000 	C:\Program Files\Java\jdk-21\bin\server\jvm.dll
0x00007ffad3220000 - 0x00007ffad3291000 	C:\WINDOWS\System32\WS2_32.dll
0x00007ffad0bb0000 - 0x00007ffad0bfd000 	C:\WINDOWS\SYSTEM32\POWRPROF.dll
0x00007ffac1750000 - 0x00007ffac1784000 	C:\WINDOWS\SYSTEM32\WINMM.dll
0x00007ffad0b90000 - 0x00007ffad0ba3000 	C:\WINDOWS\SYSTEM32\UMPDC.dll
0x00007ffad0e50000 - 0x00007ffad0e68000 	C:\WINDOWS\SYSTEM32\kernel.appcore.dll
0x00007ffac2af0000 - 0x00007ffac2afa000 	C:\Program Files\Java\jdk-21\bin\jimage.dll
0x00007ffacf300000 - 0x00007ffacf532000 	C:\WINDOWS\SYSTEM32\DBGHELP.DLL
0x00007ffad28f0000 - 0x00007ffad2c7f000 	C:\WINDOWS\System32\combase.dll
0x00007ffad45f0000 - 0x00007ffad46c7000 	C:\WINDOWS\System32\OLEAUT32.dll
0x00007ffac72b0000 - 0x00007ffac72e2000 	C:\WINDOWS\SYSTEM32\dbgcore.DLL
0x00007ffad2370000 - 0x00007ffad23eb000 	C:\WINDOWS\System32\bcryptPrimitives.dll
0x00007ffab1160000 - 0x00007ffab117f000 	C:\Program Files\Java\jdk-21\bin\java.dll

dbghelp: loaded successfully - version: 4.0.5 - missing functions: none
symbol engine: initialized successfully - sym options: 0x614 - pdb path: .;C:\Program Files\Java\jdk-21\bin;C:\WINDOWS\SYSTEM32;C:\WINDOWS\WinSxS\amd64_microsoft.windows.common-controls_6595b64144ccf1df_6.0.22621.4541_none_2710d1c57384c085;C:\Program Files\Java\jdk-21\bin\server

VM Arguments:
jvm_args: -Dfile.encoding=UTF-8 -Dstdout.encoding=UTF-8 -Dstderr.encoding=UTF-8 --module-path=C:\Users\aj777\Downloads\mysql-connector-j-9.6.0\mysql-connector-j-9.6.0\mysql-connector-j-9.6.0.jar -XX:+ShowCodeDetailsInExceptionMessages 
java_command: JDBC
java_class_path (initial): C:\Users\aj777\eclipse-workspace\CS320_Project_1\bin;C:\Users\aj777\.p2\pool\plugins\junit-jupiter-api_5.10.0.jar;C:\Users\aj777\.p2\pool\plugins\junit-jupiter-engine_5.10.0.jar;C:\Users\aj777\.p2\pool\plugins\junit-jupiter-migrationsupport_5.10.0.jar;C:\Users\aj777\.p2\pool\plugins\junit-jupiter-params_5.10.0.jar;C:\Users\aj777\.p2\pool\plugins\junit-platform-commons_1.10.0.jar;C:\Users\aj777\.p2\pool\plugins\junit-platform-engine_1.10.0.jar;C:\Users\aj777\.p2\pool\plugins\junit-platform-launcher_1.10.0.jar;C:\Users\aj777\.p2\pool\plugins\junit-platform-runner_1.10.0.jar;C:\Users\aj777\.p2\pool\plugins\junit-platform-suite-api_1.10.0.jar;C:\Users\aj777\.p2\pool\plugins\junit-platform-suite-engine_1.10.0.jar;C:\Users\aj777\.p2\pool\plugins\junit-platform-suite-commons_1.10.0.jar;C:\Users\aj777\.p2\pool\plugins\junit-vintage-engine_5.10.0.jar;C:\Users\aj777\.p2\pool\plugins\org.opentest4j_1.3.0.jar;C:\Users\aj777\.p2\pool\plugins\org.apiguardian.api_1.1.2.jar;C:\Users\aj777\.p2\pool\plugins\org.junit_4.13.2.v20230809-1000.jar;C:\Users\aj777\.p2\pool\plugins\org.hamcrest_2.2.0.jar;C:\Users\aj777\.p2\pool\plugins\org.hamcrest.core_2.2.0.v20230809-1000.jar
Launcher Type: SUN_STANDARD

[Global flags]
     intx CICompilerCount                          = 4                                         {product} {ergonomic}
     uint ConcGCThreads                            = 3                                         {product} {ergonomic}
     uint G1ConcRefinementThreads                  = 10                                        {product} {ergonomic}
   size_t G1HeapRegionSize                         = 2097152                                   {product} {ergonomic}
    uintx GCDrainStackTargetSize                   = 64                                        {product} {ergonomic}
   size_t InitialHeapSize                          = 264241152                                 {product} {ergonomic}
   size_t MarkStackSize                            = 4194304                                   {product} {ergonomic}
   size_t MaxHeapSize                              = 4217372672                                {product} {ergonomic}
   size_t MinHeapDeltaBytes                        = 2097152                                   {product} {ergonomic}
   size_t MinHeapSize                              = 8388608                                   {product} {ergonomic}
    uintx NonNMethodCodeHeapSize                   = 5839372                                {pd product} {ergonomic}
    uintx NonProfiledCodeHeapSize                  = 122909434                              {pd product} {ergonomic}
    uintx ProfiledCodeHeapSize                     = 122909434                              {pd product} {ergonomic}
    uintx ReservedCodeCacheSize                    = 251658240                              {pd product} {ergonomic}
     bool SegmentedCodeCache                       = true                                      {product} {ergonomic}
     bool ShowCodeDetailsInExceptionMessages       = true                                   {manageable} {command line}
   size_t SoftMaxHeapSize                          = 4217372672                             {manageable} {ergonomic}
     bool UseCompressedOops                        = true                           {product lp64_product} {ergonomic}
     bool UseG1GC                                  = true                                      {product} {ergonomic}
     bool UseLargePagesIndividualAllocation        = false                                  {pd product} {ergonomic}

Logging:
Log output configuration:
 #0: stdout all=warning uptime,level,tags foldmultilines=false
 #1: stderr all=off uptime,level,tags foldmultilines=false

Environment Variables:
PATH=C:/Program Files/Java/jdk-21/bin/server;C:/Program Files/Java/jdk-21/bin;C:\Program Files\Eclipse Adoptium\jdk-21.0.3.9-hotspot\bin;C:\Program Files\Common Files\Oracle\Java\javapath;C:\Program Files (x86)\Common Files\Oracle\Java\java8path;C:\Program Files (x86)\Common Files\Oracle\Java\javapath;C:\Program Files (x86)\Razer Chroma SDK\bin;C:\Program Files\Razer Chroma SDK\bin;C:\Program Files (x86)\Razer\ChromaBroadcast\bin;C:\Program Files\Razer\ChromaBroadcast\bin;C:\windows\system32;C:\windows;C:\windows\System32\Wbem;C:\windows\System32\WindowsPowerShell\v1.0\;C:\windows\System32\OpenSSH\;C:\Program Files (x86)\NVIDIA Corporation\PhysX\Common;C:\Program Files\NVIDIA Corporation\NVIDIA NvDLISR;C:\WINDOWS\system32;C:\WINDOWS;C:\WINDOWS\System32\Wbem;C:\WINDOWS\System32\WindowsPowerShell\v1.0\;C:\WINDOWS\System32\OpenSSH\;C:\Program Files\Microsoft SQL Server\130\Tools\Binn\;C:\Program Files\Microsoft SQL Server\Client SDK\ODBC\170\Tools\Binn\;C:\WINDOWS\system32\config\systemprofile\AppData\Local\Microsoft\WindowsApps;;C:\WINDOWS\system32;C:\WINDOWS;C:\WINDOWS\System32\Wbem;C:\WINDOWS\System32\WindowsPowerShell\v1.0\;C:\WINDOWS\System32\OpenSSH\;C:\Program Files\nodejs\;C:\Program Files (x86)\Paragon Software\LinuxFS for Windows\;C:\Program Files\dotnet\;C:\Program Files\HP\HP One Agent;C:\Program Files\Microsoft SQL Server\150\Tools\Binn\;C:\Program Files (x86)\Windows Kits\10\Windows Performance Toolkit\;C:\Users\aj777\AppData\Local\Programs\Python\Python39\Scripts\;C:\Users\aj777\AppData\Local\Programs\Python\Python39\;C:\Users\aj777\AppData\Local\Microsoft\WindowsApps;C:\Users\aj777\.dotnet\tools;C:\Users\aj777\AppData\Roaming\npm;C:\Users\aj777\AppData\Local\Programs\Microsoft VS Code\bin;C:\Users\aj777\AppData\Local\atom\bin;C:\Users\aj777\AppData\Local\Microsoft\WindowsApps;C:\Users\aj777\.dotnet\tools;C:\MinGW\bin;;C:\WINDOWS\System32;
USERNAME=aj777
OS=Windows_NT
PROCESSOR_IDENTIFIER=Intel64 Family 6 Model 165 Stepping 2, GenuineIntel
TMP=C:\Users\aj777\AppData\Local\Temp
TEMP=C:\Users\aj777\AppData\Local\Temp




Periodic native trim disabled

---------------  S Y S T E M  ---------------

OS:
 Windows 11 , 64 bit Build 22621 (10.0.22621.4391)
OS uptime: 403 days 0:52 hours

CPU: total 12 (initial active 12) (6 cores per cpu, 2 threads per core) family 6 model 165 stepping 2 microcode 0xea, cx8, cmov, fxsr, ht, mmx, 3dnowpref, sse, sse2, sse3, ssse3, sse4.1, sse4.2, popcnt, lzcnt, tsc, tscinvbit, avx, avx2, aes, erms, clmul, bmi1, bmi2, adx, fma, vzeroupper, clflush, clflushopt, rdtscp, f16c, pku
Processor Information for all 12 processors :
  Max Mhz: 2592, Current Mhz: 2592, Mhz Limit: 2592

Memory: 4k page, system-wide physical 16086M (3453M free)
TotalPageFile size 16086M (AvailPageFile size 101M)
current process WorkingSet (physical memory assigned to process): 11M, peak: 11M
current process commit charge ("private bytes"): 64M, peak: 316M

vm_info: Java HotSpot(TM) 64-Bit Server VM (21.0.1+12-LTS-29) for windows-amd64 JRE (21.0.1+12-LTS-29), built on 2023-10-05T13:27:09Z by "mach5one" with MS VC++ 17.1 (VS2022)

END.
